>LOG at [2025-04-23 12:54:58,938]: INFO in main: Application started
>(DEBUG) [2025-04-23 12:54:58,938]: INFO in main: Application started
>LOG at [2025-04-23 12:54:58,939]: ERROR in main: Could not start application. <class 'TypeError'>, ("'Condition' object is not callable",)
>ERROR at [2025-04-23 12:54:58,939]: ERROR in main: Could not start application. <class 'TypeError'>, ("'Condition' object is not callable",)
>(DEBUG) [2025-04-23 12:54:58,939]: ERROR in main: Could not start application. <class 'TypeError'>, ("'Condition' object is not callable",)
>LOG at [2025-04-23 12:55:37,272]: INFO in main: Application started
>(DEBUG) [2025-04-23 12:55:37,272]: INFO in main: Application started
>LOG at [2025-04-23 12:55:37,273]: ERROR in main: Could not start application. <class 'TypeError'>, ("'Condition' object is not callable",)
>ERROR at [2025-04-23 12:55:37,273]: ERROR in main: Could not start application. <class 'TypeError'>, ("'Condition' object is not callable",)
>(DEBUG) [2025-04-23 12:55:37,273]: ERROR in main: Could not start application. <class 'TypeError'>, ("'Condition' object is not callable",)
>LOG at [2025-04-23 12:57:00,031]: INFO in main: Application started
>(DEBUG) [2025-04-23 12:57:00,031]: INFO in main: Application started
>LOG at [2025-04-23 12:57:00,032]: ERROR in main: Could not start application. <class 'TypeError'>, ("'Condition' object is not callable",)
>ERROR at [2025-04-23 12:57:00,032]: ERROR in main: Could not start application. <class 'TypeError'>, ("'Condition' object is not callable",)
>(DEBUG) [2025-04-23 12:57:00,032]: ERROR in main: Could not start application. <class 'TypeError'>, ("'Condition' object is not callable",)
>LOG at [2025-04-23 12:57:32,602]: INFO in main: Application started
>(DEBUG) [2025-04-23 12:57:32,602]: INFO in main: Application started
>LOG at [2025-04-23 12:57:40,028]: ERROR in main: Could not start application. <class 'TypeError'>, ("'Condition' object is not callable",)
>ERROR at [2025-04-23 12:57:40,028]: ERROR in main: Could not start application. <class 'TypeError'>, ("'Condition' object is not callable",)
>(DEBUG) [2025-04-23 12:57:40,028]: ERROR in main: Could not start application. <class 'TypeError'>, ("'Condition' object is not callable",)
>LOG at [2025-04-23 12:59:13,702]: INFO in main: Application started
>(DEBUG) [2025-04-23 12:59:13,702]: INFO in main: Application started
>LOG at [2025-04-23 13:00:00,757]: INFO in main: Application started
>(DEBUG) [2025-04-23 13:00:00,757]: INFO in main: Application started
>LOG at [2025-04-23 13:00:25,058]: ERROR in main: Could not start application. <class 'TypeError'>, ("'Condition' object is not callable",)
>ERROR at [2025-04-23 13:00:25,058]: ERROR in main: Could not start application. <class 'TypeError'>, ("'Condition' object is not callable",)
>(DEBUG) [2025-04-23 13:00:25,058]: ERROR in main: Could not start application. <class 'TypeError'>, ("'Condition' object is not callable",)
>LOG at [2025-04-23 13:01:44,097]: INFO in main: Application started
>(DEBUG) [2025-04-23 13:01:44,097]: INFO in main: Application started
>LOG at [2025-04-23 13:01:52,593]: ERROR in main: Could not start application. <class 'TypeError'>, ("'Condition' object is not callable",)
>ERROR at [2025-04-23 13:01:52,593]: ERROR in main: Could not start application. <class 'TypeError'>, ("'Condition' object is not callable",)
>(DEBUG) [2025-04-23 13:01:52,593]: ERROR in main: Could not start application. <class 'TypeError'>, ("'Condition' object is not callable",)
>LOG at [2025-04-23 13:03:59,235]: INFO in main: Application started
>(DEBUG) [2025-04-23 13:03:59,235]: INFO in main: Application started
>LOG at [2025-04-23 13:04:03,346]: ERROR in main: Could not start application. <class 'TypeError'>, ("'Condition' object is not callable",)
>ERROR at [2025-04-23 13:04:03,346]: ERROR in main: Could not start application. <class 'TypeError'>, ("'Condition' object is not callable",)
>(DEBUG) [2025-04-23 13:04:03,346]: ERROR in main: Could not start application. <class 'TypeError'>, ("'Condition' object is not callable",)
>LOG at [2025-04-23 13:06:41,817]: INFO in main: Application started
>(DEBUG) [2025-04-23 13:06:41,817]: INFO in main: Application started
>LOG at [2025-04-23 13:07:47,517]: INFO in dashboard_page: Building dashboard page
>(DEBUG) [2025-04-23 13:07:47,517]: INFO in dashboard_page: Building dashboard page
>LOG at [2025-04-23 13:08:25,413]: INFO in main: Application started
>(DEBUG) [2025-04-23 13:08:25,413]: INFO in main: Application started
>LOG at [2025-04-23 13:08:32,809]: INFO in dashboard_page: Building dashboard page
>(DEBUG) [2025-04-23 13:08:32,809]: INFO in dashboard_page: Building dashboard page
>LOG at [2025-04-23 13:49:05,964]: INFO in main: Application started
>(DEBUG) [2025-04-23 13:49:05,964]: INFO in main: Application started
>LOG at [2025-04-23 13:49:13,527]: INFO in dashboard_page: Building dashboard page
>(DEBUG) [2025-04-23 13:49:13,527]: INFO in dashboard_page: Building dashboard page
>LOG at [2025-04-23 13:55:41,521]: INFO in main: Application started
>(DEBUG) [2025-04-23 13:55:41,521]: INFO in main: Application started
>LOG at [2025-04-23 13:55:49,894]: INFO in dashboard_page: Building dashboard page
>(DEBUG) [2025-04-23 13:55:49,894]: INFO in dashboard_page: Building dashboard page
>LOG at [2025-04-23 13:56:18,839]: INFO in main: App is exiting
>(DEBUG) [2025-04-23 13:56:18,839]: INFO in main: App is exiting
>LOG at [2025-04-23 13:56:31,674]: INFO in main: Application started
>(DEBUG) [2025-04-23 13:56:31,674]: INFO in main: Application started
>LOG at [2025-04-23 13:56:38,186]: INFO in dashboard_page: Building dashboard page
>(DEBUG) [2025-04-23 13:56:38,186]: INFO in dashboard_page: Building dashboard page
>LOG at [2025-04-23 13:57:59,038]: INFO in main: Application started
>(DEBUG) [2025-04-23 13:57:59,038]: INFO in main: Application started
>LOG at [2025-04-23 13:58:05,207]: INFO in dashboard_page: Building dashboard page
>(DEBUG) [2025-04-23 13:58:05,207]: INFO in dashboard_page: Building dashboard page
>LOG at [2025-04-23 14:12:26,124]: INFO in main: App is exiting
>(DEBUG) [2025-04-23 14:12:26,124]: INFO in main: App is exiting
